<?xml version="1.0" encoding="UTF-8"?>
<testng-results skipped="0" failed="3" ignored="0" total="3" passed="0">
  <reporter-output>
  </reporter-output>
  <suite name="Default suite" duration-ms="131025" started-at="2017-03-12T18:19:48Z" finished-at="2017-03-12T18:21:59Z">
    <groups>
    </groups>
    <test name="Default test" duration-ms="131025" started-at="2017-03-12T18:19:48Z" finished-at="2017-03-12T18:21:59Z">
      <class name="com.bankbazaar.testrunners.BankBazaarRunner">
        <test-method status="PASS" signature="openBrowser(java.lang.String, java.lang.String)[pri:0, instance:com.bankbazaar.testrunners.BankBazaarRunner@27efef64]" name="openBrowser" is-config="true" duration-ms="27150" started-at="2017-03-12T23:49:48Z" finished-at="2017-03-12T23:50:15Z">
          <params>
            <param index="0">
              <value>
                <![CDATA[chrome]]>
              </value>
            </param>
            <param index="1">
              <value>
                <![CDATA[https://www.bankbazaar.com/]]>
              </value>
            </param>
          </params>
          <reporter-output>
          </reporter-output>
        </test-method> <!-- openBrowser -->
        <test-method status="FAIL" signature="searchCreditCardOffers(java.lang.String, java.lang.String, java.lang.String, java.lang.String, java.lang.String, java.lang.String, java.lang.String, java.lang.String, java.lang.String, java.lang.String, java.lang.String, java.lang.String, java.lang.String, java.lang.String)[pri:0, instance:com.bankbazaar.testrunners.BankBazaarRunner@27efef64]" name="searchCreditCardOffers" duration-ms="53684" started-at="2017-03-12T23:50:15Z" data-provider="CreditCardSearchData" finished-at="2017-03-12T23:51:09Z">
          <params>
            <param index="0">
              <value>
                <![CDATA[IndusInd Bank Platinum Aura Edge]]>
              </value>
            </param>
            <param index="1">
              <value>
                <![CDATA[Bangalore]]>
              </value>
            </param>
            <param index="2">
              <value>
                <![CDATA[IBM DAKSH]]>
              </value>
            </param>
            <param index="3">
              <value>
                <![CDATA[10000]]>
              </value>
            </param>
            <param index="4">
              <value>
                <![CDATA[HDFC BANK]]>
              </value>
            </param>
            <param index="5">
              <value>
                <![CDATA[HSBC]]>
              </value>
            </param>
            <param index="6">
              <value>
                <![CDATA[70000]]>
              </value>
            </param>
            <param index="7">
              <value>
                <![CDATA[26]]>
              </value>
            </param>
            <param index="8">
              <value>
                <![CDATA[Jan 1991]]>
              </value>
            </param>
            <param index="9">
              <value>
                <![CDATA[15]]>
              </value>
            </param>
            <param index="10">
              <value>
                <![CDATA[15 Jan 1991]]>
              </value>
            </param>
            <param index="11">
              <value>
                <![CDATA[FirstAAA]]>
              </value>
            </param>
            <param index="12">
              <value>
                <![CDATA[11 Credit Cards that best suits your needs!]]>
              </value>
            </param>
            <param index="13">
              <value>
                <![CDATA[1]]>
              </value>
            </param>
          </params>
          <exception class="java.io.FileNotFoundException">
            <message>
              <![CDATA[D:\SeleniumTrainingByJitendra\Data\duplicate\BankBazaarTestData.xls (The system cannot find the path specified)]]>
            </message>
            <full-stacktrace>
              <![CDATA[java.io.FileNotFoundException: D:\SeleniumTrainingByJitendra\Data\duplicate\BankBazaarTestData.xls (The system cannot find the path specified)
	at java.io.FileOutputStream.open0(Native Method)
	at java.io.FileOutputStream.open(Unknown Source)
	at java.io.FileOutputStream.<init>(Unknown Source)
	at java.io.FileOutputStream.<init>(Unknown Source)
	at com.bankbazaar.utils.ExcelUtility.writeToSheetEx1(ExcelUtility.java:122)
	at com.bankbazaar.testrunners.BankBazaarRunner.searchCreditCardOffers(BankBazaarRunner.java:77)
	at sun.reflect.NativeMethodAccessorImpl.invoke0(Native Method)
	at sun.reflect.NativeMethodAccessorImpl.invoke(Unknown Source)
	at sun.reflect.DelegatingMethodAccessorImpl.invoke(Unknown Source)
	at java.lang.reflect.Method.invoke(Unknown Source)
	at org.testng.internal.MethodInvocationHelper.invokeMethod(MethodInvocationHelper.java:104)
	at org.testng.internal.Invoker.invokeMethod(Invoker.java:645)
	at org.testng.internal.Invoker.invokeTestMethod(Invoker.java:851)
	at org.testng.internal.Invoker.invokeTestMethods(Invoker.java:1177)
	at org.testng.internal.TestMethodWorker.invokeTestMethods(TestMethodWorker.java:129)
	at org.testng.internal.TestMethodWorker.run(TestMethodWorker.java:112)
	at org.testng.TestRunner.privateRun(TestRunner.java:756)
	at org.testng.TestRunner.run(TestRunner.java:610)
	at org.testng.SuiteRunner.runTest(SuiteRunner.java:387)
	at org.testng.SuiteRunner.runSequentially(SuiteRunner.java:382)
	at org.testng.SuiteRunner.privateRun(SuiteRunner.java:340)
	at org.testng.SuiteRunner.run(SuiteRunner.java:289)
	at org.testng.SuiteRunnerWorker.runSuite(SuiteRunnerWorker.java:52)
	at org.testng.SuiteRunnerWorker.run(SuiteRunnerWorker.java:86)
	at org.testng.TestNG.runSuitesSequentially(TestNG.java:1293)
	at org.testng.TestNG.runSuitesLocally(TestNG.java:1218)
	at org.testng.TestNG.runSuites(TestNG.java:1133)
	at org.testng.TestNG.run(TestNG.java:1104)
	at org.testng.remote.AbstractRemoteTestNG.run(AbstractRemoteTestNG.java:132)
	at org.testng.remote.RemoteTestNG.initAndRun(RemoteTestNG.java:236)
	at org.testng.remote.RemoteTestNG.main(RemoteTestNG.java:81)
]]>
            </full-stacktrace>
          </exception> <!-- java.io.FileNotFoundException -->
          <reporter-output>
          </reporter-output>
        </test-method> <!-- searchCreditCardOffers -->
        <test-method status="PASS" signature="openBrowser(java.lang.String, java.lang.String)[pri:0, instance:com.bankbazaar.testrunners.BankBazaarRunner@27efef64]" name="openBrowser" is-config="true" duration-ms="36912" started-at="2017-03-12T23:51:09Z" finished-at="2017-03-12T23:51:46Z">
          <params>
            <param index="0">
              <value>
                <![CDATA[chrome]]>
              </value>
            </param>
            <param index="1">
              <value>
                <![CDATA[https://www.bankbazaar.com/]]>
              </value>
            </param>
          </params>
          <reporter-output>
          </reporter-output>
        </test-method> <!-- openBrowser -->
        <test-method status="FAIL" signature="searchCreditCardOffers(java.lang.String, java.lang.String, java.lang.String, java.lang.String, java.lang.String, java.lang.String, java.lang.String, java.lang.String, java.lang.String, java.lang.String, java.lang.String, java.lang.String, java.lang.String, java.lang.String)[pri:0, instance:com.bankbazaar.testrunners.BankBazaarRunner@27efef64]" name="searchCreditCardOffers" duration-ms="6180" started-at="2017-03-12T23:51:46Z" data-provider="CreditCardSearchData" finished-at="2017-03-12T23:51:52Z">
          <params>
            <param index="0">
              <value>
                <![CDATA[Jet Airways IndusInd Bank Voyage]]>
              </value>
            </param>
            <param index="1">
              <value>
                <![CDATA[Chennai]]>
              </value>
            </param>
            <param index="2">
              <value>
                <![CDATA[FRED ALGER MANAGEMENT]]>
              </value>
            </param>
            <param index="3">
              <value>
                <![CDATA[7000]]>
              </value>
            </param>
            <param index="4">
              <value>
                <![CDATA[AXIS]]>
              </value>
            </param>
            <param index="5">
              <value>
                <![CDATA[Axis]]>
              </value>
            </param>
            <param index="6">
              <value>
                <![CDATA[30000]]>
              </value>
            </param>
            <param index="7">
              <value>
                <![CDATA[34]]>
              </value>
            </param>
            <param index="8">
              <value>
                <![CDATA[Aug 1982]]>
              </value>
            </param>
            <param index="9">
              <value>
                <![CDATA[1]]>
              </value>
            </param>
            <param index="10">
              <value>
                <![CDATA[1 Aug 1982]]>
              </value>
            </param>
            <param index="11">
              <value>
                <![CDATA[FirstBBB]]>
              </value>
            </param>
            <param index="12">
              <value>
                <![CDATA[2 Credit Cards that best suits your needs!]]>
              </value>
            </param>
            <param index="13">
              <value>
                <![CDATA[2]]>
              </value>
            </param>
          </params>
          <exception class="java.io.FileNotFoundException">
            <message>
              <![CDATA[D:\SeleniumTrainingByJitendra\Data\duplicate\BankBazaarTestData.xls (The system cannot find the path specified)]]>
            </message>
            <full-stacktrace>
              <![CDATA[java.io.FileNotFoundException: D:\SeleniumTrainingByJitendra\Data\duplicate\BankBazaarTestData.xls (The system cannot find the path specified)
	at java.io.FileOutputStream.open0(Native Method)
	at java.io.FileOutputStream.open(Unknown Source)
	at java.io.FileOutputStream.<init>(Unknown Source)
	at java.io.FileOutputStream.<init>(Unknown Source)
	at com.bankbazaar.utils.ExcelUtility.writeToSheetEx1(ExcelUtility.java:122)
	at com.bankbazaar.testrunners.BankBazaarRunner.searchCreditCardOffers(BankBazaarRunner.java:77)
	at sun.reflect.NativeMethodAccessorImpl.invoke0(Native Method)
	at sun.reflect.NativeMethodAccessorImpl.invoke(Unknown Source)
	at sun.reflect.DelegatingMethodAccessorImpl.invoke(Unknown Source)
	at java.lang.reflect.Method.invoke(Unknown Source)
	at org.testng.internal.MethodInvocationHelper.invokeMethod(MethodInvocationHelper.java:104)
	at org.testng.internal.Invoker.invokeMethod(Invoker.java:645)
	at org.testng.internal.Invoker.invokeTestMethod(Invoker.java:851)
	at org.testng.internal.Invoker.invokeTestMethods(Invoker.java:1177)
	at org.testng.internal.TestMethodWorker.invokeTestMethods(TestMethodWorker.java:129)
	at org.testng.internal.TestMethodWorker.run(TestMethodWorker.java:112)
	at org.testng.TestRunner.privateRun(TestRunner.java:756)
	at org.testng.TestRunner.run(TestRunner.java:610)
	at org.testng.SuiteRunner.runTest(SuiteRunner.java:387)
	at org.testng.SuiteRunner.runSequentially(SuiteRunner.java:382)
	at org.testng.SuiteRunner.privateRun(SuiteRunner.java:340)
	at org.testng.SuiteRunner.run(SuiteRunner.java:289)
	at org.testng.SuiteRunnerWorker.runSuite(SuiteRunnerWorker.java:52)
	at org.testng.SuiteRunnerWorker.run(SuiteRunnerWorker.java:86)
	at org.testng.TestNG.runSuitesSequentially(TestNG.java:1293)
	at org.testng.TestNG.runSuitesLocally(TestNG.java:1218)
	at org.testng.TestNG.runSuites(TestNG.java:1133)
	at org.testng.TestNG.run(TestNG.java:1104)
	at org.testng.remote.AbstractRemoteTestNG.run(AbstractRemoteTestNG.java:132)
	at org.testng.remote.RemoteTestNG.initAndRun(RemoteTestNG.java:236)
	at org.testng.remote.RemoteTestNG.main(RemoteTestNG.java:81)
]]>
            </full-stacktrace>
          </exception> <!-- java.io.FileNotFoundException -->
          <reporter-output>
          </reporter-output>
        </test-method> <!-- searchCreditCardOffers -->
        <test-method status="PASS" signature="openBrowser(java.lang.String, java.lang.String)[pri:0, instance:com.bankbazaar.testrunners.BankBazaarRunner@27efef64]" name="openBrowser" is-config="true" duration-ms="6691" started-at="2017-03-12T23:51:52Z" finished-at="2017-03-12T23:51:59Z">
          <params>
            <param index="0">
              <value>
                <![CDATA[chrome]]>
              </value>
            </param>
            <param index="1">
              <value>
                <![CDATA[https://www.bankbazaar.com/]]>
              </value>
            </param>
          </params>
          <reporter-output>
          </reporter-output>
        </test-method> <!-- openBrowser -->
        <test-method status="FAIL" signature="searchCreditCardOffers(java.lang.String, java.lang.String, java.lang.String, java.lang.String, java.lang.String, java.lang.String, java.lang.String, java.lang.String, java.lang.String, java.lang.String, java.lang.String, java.lang.String, java.lang.String, java.lang.String)[pri:0, instance:com.bankbazaar.testrunners.BankBazaarRunner@27efef64]" name="searchCreditCardOffers" duration-ms="12" started-at="2017-03-12T23:51:59Z" data-provider="CreditCardSearchData" finished-at="2017-03-12T23:51:59Z">
          <params>
            <param index="0">
              <value>
                <![CDATA[HDFC Bank Diners Club Black Card]]>
              </value>
            </param>
            <param index="1">
              <value>
                <![CDATA[New Delhi]]>
              </value>
            </param>
            <param index="2">
              <value>
                <![CDATA[ABC BEARINGS]]>
              </value>
            </param>
            <param index="3">
              <value>
                <![CDATA[30000]]>
              </value>
            </param>
            <param index="4">
              <value>
                <![CDATA[CITIBANK]]>
              </value>
            </param>
            <param index="5">
              <value>
                <![CDATA[Citibank]]>
              </value>
            </param>
            <param index="6">
              <value>
                <![CDATA[170000]]>
              </value>
            </param>
            <param index="7">
              <value>
                <![CDATA[46]]>
              </value>
            </param>
            <param index="8">
              <value>
                <![CDATA[Sep 1970]]>
              </value>
            </param>
            <param index="9">
              <value>
                <![CDATA[23]]>
              </value>
            </param>
            <param index="10">
              <value>
                <![CDATA[23 Sep 1970]]>
              </value>
            </param>
            <param index="11">
              <value>
                <![CDATA[FirstCCC]]>
              </value>
            </param>
            <param index="12">
              <value>
                <![CDATA[17 Credit Cards that best suits your needs!]]>
              </value>
            </param>
            <param index="13">
              <value>
                <![CDATA[3]]>
              </value>
            </param>
          </params>
          <exception class="java.io.FileNotFoundException">
            <message>
              <![CDATA[D:\SeleniumTrainingByJitendra\Data\duplicate\BankBazaarTestData.xls (The system cannot find the path specified)]]>
            </message>
            <full-stacktrace>
              <![CDATA[java.io.FileNotFoundException: D:\SeleniumTrainingByJitendra\Data\duplicate\BankBazaarTestData.xls (The system cannot find the path specified)
	at java.io.FileOutputStream.open0(Native Method)
	at java.io.FileOutputStream.open(Unknown Source)
	at java.io.FileOutputStream.<init>(Unknown Source)
	at java.io.FileOutputStream.<init>(Unknown Source)
	at com.bankbazaar.utils.ExcelUtility.writeToSheetEx1(ExcelUtility.java:122)
	at com.bankbazaar.testrunners.BankBazaarRunner.searchCreditCardOffers(BankBazaarRunner.java:77)
	at sun.reflect.NativeMethodAccessorImpl.invoke0(Native Method)
	at sun.reflect.NativeMethodAccessorImpl.invoke(Unknown Source)
	at sun.reflect.DelegatingMethodAccessorImpl.invoke(Unknown Source)
	at java.lang.reflect.Method.invoke(Unknown Source)
	at org.testng.internal.MethodInvocationHelper.invokeMethod(MethodInvocationHelper.java:104)
	at org.testng.internal.Invoker.invokeMethod(Invoker.java:645)
	at org.testng.internal.Invoker.invokeTestMethod(Invoker.java:851)
	at org.testng.internal.Invoker.invokeTestMethods(Invoker.java:1177)
	at org.testng.internal.TestMethodWorker.invokeTestMethods(TestMethodWorker.java:129)
	at org.testng.internal.TestMethodWorker.run(TestMethodWorker.java:112)
	at org.testng.TestRunner.privateRun(TestRunner.java:756)
	at org.testng.TestRunner.run(TestRunner.java:610)
	at org.testng.SuiteRunner.runTest(SuiteRunner.java:387)
	at org.testng.SuiteRunner.runSequentially(SuiteRunner.java:382)
	at org.testng.SuiteRunner.privateRun(SuiteRunner.java:340)
	at org.testng.SuiteRunner.run(SuiteRunner.java:289)
	at org.testng.SuiteRunnerWorker.runSuite(SuiteRunnerWorker.java:52)
	at org.testng.SuiteRunnerWorker.run(SuiteRunnerWorker.java:86)
	at org.testng.TestNG.runSuitesSequentially(TestNG.java:1293)
	at org.testng.TestNG.runSuitesLocally(TestNG.java:1218)
	at org.testng.TestNG.runSuites(TestNG.java:1133)
	at org.testng.TestNG.run(TestNG.java:1104)
	at org.testng.remote.AbstractRemoteTestNG.run(AbstractRemoteTestNG.java:132)
	at org.testng.remote.RemoteTestNG.initAndRun(RemoteTestNG.java:236)
	at org.testng.remote.RemoteTestNG.main(RemoteTestNG.java:81)
]]>
            </full-stacktrace>
          </exception> <!-- java.io.FileNotFoundException -->
          <reporter-output>
          </reporter-output>
        </test-method> <!-- searchCreditCardOffers -->
      </class> <!-- com.bankbazaar.testrunners.BankBazaarRunner -->
    </test> <!-- Default test -->
  </suite> <!-- Default suite -->
</testng-results>
